<ser:NullTestOperationRequest xmlns:ser="http://www.test.org/service/">

    <inInt xmlns:xsi="http://www.w3.org/2001/XMLSchema-instance" xsi:nil="false"/>

</ser:NullTestOperationRequest>