<?xml version="1.0" encoding="UTF-8"?>
<!--
  Licensed to the Apache Software Foundation (ASF) under one
  or more contributor license agreements. See the NOTICE file
  distributed with this work for additional information
  regarding copyright ownership. The ASF licenses this file
  to you under the Apache License, Version 2.0 (the
  "License"); you may not use this file except in compliance
  with the License. You may obtain a copy of the License at
 
  http://www.apache.org/licenses/LICENSE-2.0
 
  Unless required by applicable law or agreed to in writing,
  software distributed under the License is distributed on an
  "AS IS" BASIS, WITHOUT WARRANTIES OR CONDITIONS OF ANY
  KIND, either express or implied. See the License for the
  specific language governing permissions and limitations
  under the License.
-->
<beans xmlns="http://www.springframework.org/schema/beans"
    xmlns:xsi="http://www.w3.org/2001/XMLSchema-instance"
    xmlns:foo="http://cxf.apache.org/configuration/foo"
    xsi:schemaLocation="http://www.springframework.org/schema/beans http://www.springframework.org/schema/beans/spring-beans.xsd">
    <bean id="complex" class="org.apache.cxf.configuration.spring.JaxbPropertyEditorTest$FooBean" lazy-init="true">
        <property name="name">
            <value>foam</value>
        </property>
        <property name="position">
            <value>
                <foo:point>
                    <foo:x>12</foo:x>
                    <foo:y>33</foo:y>
                </foo:point>
            </value>
        </property>
        <property name="address">
            <value>
                <foo:address>
                    <foo:city>Dublin</foo:city>
                    <foo:zip>4</foo:zip>
                    <foo:street>Shelbourne Rd</foo:street>
                </foo:address>
            </value>
        </property>
    </bean>
</beans>